<?xml version="1.0" encoding="utf-8"?><testsuites name="pytest tests"><testsuite name="pytest" errors="0" failures="0" skipped="0" tests="14" time="22.060" timestamp="2026-05-22T10:01:23.686184+00:00" hostname="agent-env-45324d21-bfd7-4873-bc2e-67f77dfa379c"><testcase classname="backend.tests.test_iteration7_phase3" name="test_part1_dashboard_stats_with_published_article" time="0.656" /><testcase classname="backend.tests.test_iteration7_phase3" name="test_part1_dashboard_stats_empty_state" time="0.330" /><testcase classname="backend.tests.test_iteration7_phase3" name="test_part2_plugin_update_banner_dismiss" time="0.684" /><testcase classname="backend.tests.test_iteration7_phase3" name="test_part3_articles_calendar_enriched" time="0.438" /><testcase classname="backend.tests.test_iteration7_phase3" name="test_part4_admin_blog_crud_slug_readtime" time="0.880" /><testcase classname="backend.tests.test_iteration7_phase3" name="test_part4b_admin_blog_upload_image" time="12.918" /><testcase classname="backend.tests.test_iteration7_phase3" name="test_part5_maintenance_mode" time="1.561" /><testcase classname="backend.tests.test_iteration7_phase3" name="test_part6_legal_public_and_admin" time="1.080" /><testcase classname="backend.tests.test_iteration7_phase3" name="test_part7_announcements_preview_count_and_send" time="0.265" /><testcase classname="backend.tests.test_iteration7_phase3" name="test_part8_admin_analytics_overview" time="0.145" /><testcase classname="backend.tests.test_iteration7_phase3" name="test_part9_email_log_full_body" time="2.477" /><testcase classname="backend.tests.test_iteration7_phase3" name="test_part11_llm_wordcount_html_stripped" time="0.289" /><testcase classname="backend.tests.test_iteration7_phase3" name="test_part12_growth_score_module_imports_and_hook" time="0.002" /><testcase classname="backend.tests.test_iteration7_phase3" name="test_regression_plans_and_admin_dashboard_activity" time="0.218" /></testsuite></testsuites>