<?xml version="1.0" encoding="utf-8"?><testsuites name="pytest tests"><testsuite name="pytest" errors="0" failures="1" skipped="0" tests="34" time="20.282" timestamp="2026-05-22T09:01:36.843209+00:00" hostname="agent-env-45324d21-bfd7-4873-bc2e-67f77dfa379c"><testcase classname="tests.test_master_launch" name="test_pick_category_exact_match" time="0.000" /><testcase classname="tests.test_master_launch" name="test_pick_category_token_overlap" time="0.000" /><testcase classname="tests.test_master_launch" name="test_pick_category_no_match" time="0.000" /><testcase classname="tests.test_master_launch" name="test_pick_category_empty_mapping" time="0.000" /><testcase classname="tests.test_master_launch" name="test_internal_link_resolves_to_existing_article" time="0.000" /><testcase classname="tests.test_master_launch" name="test_internal_link_slug_fallback" time="0.000" /><testcase classname="tests.test_master_launch" name="test_no_links_pass_through" time="0.000" /><testcase classname="tests.test_master_launch" name="test_best_internal_match_picks_highest_overlap" time="0.000" /><testcase classname="tests.test_master_launch_e2e" name="test_01_register_creates_user_with_auto_site_and_trial" time="0.517" /><testcase classname="tests.test_master_launch_e2e" name="test_02_me_returns_sites_with_apikey" time="0.143" /><testcase classname="tests.test_master_launch_e2e" name="test_03_public_plans_have_both_connection_keys" time="0.123" /><testcase classname="tests.test_master_launch_e2e" name="test_04_billing_plans_have_both_connection_keys" time="0.095" /><testcase classname="tests.test_master_launch_e2e" name="test_05_admin_login" time="0.321" /><testcase classname="tests.test_master_launch_e2e" name="test_06_admin_plans_have_both_connection_keys" time="0.096" /><testcase classname="tests.test_master_launch_e2e" name="test_07_admin_create_plan_with_only_websiteConnections_syncs_both" time="0.212" /><testcase classname="tests.test_master_launch_e2e" name="test_08_admin_delete_test_plan" time="0.101" /><testcase classname="tests.test_master_launch_e2e" name="test_09_article_generate_and_no_placeholder_leakage" time="2.449" /><testcase classname="tests.test_master_launch_e2e" name="test_10_plugin_verify_with_api_key" time="0.100" /><testcase classname="tests.test_master_launch_e2e" name="test_11_dashboard_overview" time="0.150" /><testcase classname="tests.test_master_launch_e2e" name="test_12_settings_public_has_trial_days" time="0.098" /><testcase classname="tests.test_master_launch_e2e" name="test_13_admin_dashboard_stats" time="0.113" /><testcase classname="tests.test_master_launch_e2e" name="test_14_admin_users" time="0.106" /><testcase classname="tests.test_master_launch_e2e" name="test_15_admin_api_keys_14_services" time="0.104" /><testcase classname="tests.test_iteration4_fixes" name="test_fix1_admin_user_detail_enriched" time="1.002" /><testcase classname="tests.test_iteration4_fixes" name="test_fix2_dashboard_overview_shape" time="0.116" /><testcase classname="tests.test_iteration4_fixes" name="test_fix2b_dashboard_empty_state_no_404" time="0.532" /><testcase classname="tests.test_iteration4_fixes" name="test_fix3_growth_score_empty_state" time="0.128" /><testcase classname="tests.test_iteration4_fixes" name="test_fix4_ai_visibility_latest_no_scan" time="0.108" /><testcase classname="tests.test_iteration4_fixes" name="test_fix5_analytics_overview_no_gsc" time="0.114" /><testcase classname="tests.test_iteration4_fixes" name="test_fix6_gsc_connect_returns_400_not_500" time="0.106" /><testcase classname="tests.test_iteration4_fixes" name="test_fix7_articles_calendar_shape" time="0.097" /><testcase classname="tests.test_iteration4_fixes" name="test_fix8_activity_logging_site_added_and_article_generated" time="10.863" /><testcase classname="tests.test_iteration4_fixes" name="test_fix10_admin_subscription_update_creates_notification_and_log" time="2.065" /><testcase classname="tests.test_iteration4_fixes" name="test_fix11_admin_user_cascade_delete" time="0.091"><failure message="AssertionError: {&quot;success&quot;:false,&quot;error&quot;:&quot;Rate limit exceeded. Retry in 3551s.&quot;,&quot;code&quot;:&quot;RATE_LIMITED&quot;,&quot;statusCode&quot;:429}&#10;assert 429 in (200, 201)&#10; +  where 429 = &lt;Response [429]&gt;.status_code">E   AssertionError: {"success":false,"error":"Rate limit exceeded. Retry in 3551s.","code":"RATE_LIMITED","statusCode":429}
    assert 429 in (200, 201)
     +  where 429 = &lt;Response [429]&gt;.status_code</failure></testcase></testsuite></testsuites>