<?xml version="1.0" encoding="utf-8"?><testsuites name="pytest tests"><testsuite name="pytest" errors="0" failures="0" skipped="0" tests="11" time="15.763" timestamp="2026-05-22T05:09:57.065061+00:00" hostname="agent-env-45324d21-bfd7-4873-bc2e-67f77dfa379c"><testcase classname="backend.tests.test_iteration4_fixes" name="test_fix1_admin_user_detail_enriched" time="1.036" /><testcase classname="backend.tests.test_iteration4_fixes" name="test_fix2_dashboard_overview_shape" time="0.120" /><testcase classname="backend.tests.test_iteration4_fixes" name="test_fix2b_dashboard_empty_state_no_404" time="0.455" /><testcase classname="backend.tests.test_iteration4_fixes" name="test_fix3_growth_score_empty_state" time="0.108" /><testcase classname="backend.tests.test_iteration4_fixes" name="test_fix4_ai_visibility_latest_no_scan" time="0.127" /><testcase classname="backend.tests.test_iteration4_fixes" name="test_fix5_analytics_overview_no_gsc" time="0.123" /><testcase classname="backend.tests.test_iteration4_fixes" name="test_fix6_gsc_connect_returns_400_not_500" time="0.113" /><testcase classname="backend.tests.test_iteration4_fixes" name="test_fix7_articles_calendar_shape" time="0.118" /><testcase classname="backend.tests.test_iteration4_fixes" name="test_fix8_activity_logging_site_added_and_article_generated" time="10.826" /><testcase classname="backend.tests.test_iteration4_fixes" name="test_fix10_admin_subscription_update_creates_notification_and_log" time="1.923" /><testcase classname="backend.tests.test_iteration4_fixes" name="test_fix11_admin_user_cascade_delete" time="0.697" /></testsuite></testsuites>