<?xml version="1.0" encoding="utf-8"?><testsuites name="pytest tests"><testsuite name="pytest" errors="0" failures="1" skipped="0" tests="11" time="7.586" timestamp="2026-05-22T08:59:28.178314+00:00" hostname="agent-env-45324d21-bfd7-4873-bc2e-67f77dfa379c"><testcase classname="tests.test_iteration5_fixes" name="test_fix1_gsc_connect_not_configured_then_configured" time="1.350" /><testcase classname="tests.test_iteration5_fixes" name="test_fix2_verify_connection_trusts_db_when_connected" time="0.317" /><testcase classname="tests.test_iteration5_fixes" name="test_fix2b_verify_connection_falls_through_when_not_connected" time="0.285" /><testcase classname="tests.test_iteration5_fixes" name="test_fix5_admin_dashboard_activity_real_events" time="0.106" /><testcase classname="tests.test_iteration5_fixes" name="test_fix6_admin_users_list_real_data" time="0.126" /><testcase classname="tests.test_iteration5_fixes" name="test_fix7_audit_log_plan_change_has_human_readable_names" time="1.777" /><testcase classname="tests.test_iteration5_fixes" name="test_fix8_plans_have_both_connection_keys[/api/plans-&lt;lambda&gt;]" time="0.101" /><testcase classname="tests.test_iteration5_fixes" name="test_fix8_plans_have_both_connection_keys[/api/billing/plans-&lt;lambda&gt;]" time="0.102" /><testcase classname="tests.test_iteration5_fixes" name="test_fix8_plans_have_both_connection_keys[/api/admin/plans-&lt;lambda&gt;]" time="0.105" /><testcase classname="tests.test_iteration5_fixes" name="test_fix10_onboarding_get_put_and_me_mirror" time="0.619" /><testcase classname="tests.test_iteration5_fixes" name="test_fix4_email_failure_recorded" time="2.558"><failure message="AssertionError: no FAILED email_logs row: sample=[{'id': '6618bb3d-1f01-4abe-8f2e-794fbaf966a7', 'userId': None, 'to': 'resendtest_cebbbf@seojalwa.com', 'subject': 'Reset your password', 'templateKey': 'password-reset', 'status': 'SKIPPED', 'provider': None, 'statusCode': None, 'errorMessage': 'no_email_provider_configured', 'sentAt': '2026-05-22T08:59:33.614532+00:00'}, {'id': 'aaca4fb0-1b63-4f41-b481-976c99c8d381', 'userId': None, 'to': 'resendtest_cebbbf@seojalwa.com', 'subject': 'Welcome to SEO Jalwa #x1F680', 'templateKey': 'welcome', 'status': 'SKIPPED', 'provider': None, 'statusCode': None, 'errorMessage': 'no_email_provider_configured', 'sentAt': '2026-05-22T08:59:33.488745+00:00'}]&#10;assert []">tests/test_iteration5_fixes.py:593: in test_fix4_email_failure_recorded
    assert failed, f"no FAILED email_logs row: sample={rows[:2]}"
E   AssertionError: no FAILED email_logs row: sample=[{'id': '6618bb3d-1f01-4abe-8f2e-794fbaf966a7', 'userId': None, 'to': 'resendtest_cebbbf@seojalwa.com', 'subject': 'Reset your password', 'templateKey': 'password-reset', 'status': 'SKIPPED', 'provider': None, 'statusCode': None, 'errorMessage': 'no_email_provider_configured', 'sentAt': '2026-05-22T08:59:33.614532+00:00'}, {'id': 'aaca4fb0-1b63-4f41-b481-976c99c8d381', 'userId': None, 'to': 'resendtest_cebbbf@seojalwa.com', 'subject': 'Welcome to SEO Jalwa #x1F680', 'templateKey': 'welcome', 'status': 'SKIPPED', 'provider': None, 'statusCode': None, 'errorMessage': 'no_email_provider_configured', 'sentAt': '2026-05-22T08:59:33.488745+00:00'}]
E   assert []</failure></testcase></testsuite></testsuites>