<?xml version="1.0" encoding="utf-8"?><testsuites name="pytest tests"><testsuite name="pytest" errors="0" failures="0" skipped="0" tests="13" time="16.623" timestamp="2026-05-22T09:01:15.393571+00:00" hostname="agent-env-45324d21-bfd7-4873-bc2e-67f77dfa379c"><testcase classname="tests.test_iteration5_fixes" name="test_fix1_gsc_connect_not_configured_then_configured" time="1.473" /><testcase classname="tests.test_iteration5_fixes" name="test_fix2_verify_connection_trusts_db_when_connected" time="0.308" /><testcase classname="tests.test_iteration5_fixes" name="test_fix2b_verify_connection_falls_through_when_not_connected" time="0.260" /><testcase classname="tests.test_iteration5_fixes" name="test_fix5_admin_dashboard_activity_real_events" time="0.098" /><testcase classname="tests.test_iteration5_fixes" name="test_fix6_admin_users_list_real_data" time="0.129" /><testcase classname="tests.test_iteration5_fixes" name="test_fix7_audit_log_plan_change_has_human_readable_names" time="2.010" /><testcase classname="tests.test_iteration5_fixes" name="test_fix8_plans_have_both_connection_keys[/api/plans-&lt;lambda&gt;]" time="0.116" /><testcase classname="tests.test_iteration5_fixes" name="test_fix8_plans_have_both_connection_keys[/api/billing/plans-&lt;lambda&gt;]" time="0.105" /><testcase classname="tests.test_iteration5_fixes" name="test_fix8_plans_have_both_connection_keys[/api/admin/plans-&lt;lambda&gt;]" time="0.106" /><testcase classname="tests.test_iteration5_fixes" name="test_fix10_onboarding_get_put_and_me_mirror" time="0.644" /><testcase classname="tests.test_iteration5_fixes" name="test_fix3_ai_visibility_scan_gpt4o_only" time="2.424" /><testcase classname="tests.test_iteration5_fixes" name="test_fix4_email_failure_recorded" time="6.460" /><testcase classname="tests.test_iteration5_fixes" name="test_fix9_article_generation_includes_two_images" time="2.424" /></testsuite></testsuites>