<?xml version="1.0" encoding="utf-8"?><testsuites name="pytest tests"><testsuite name="pytest" errors="0" failures="1" skipped="0" tests="9" time="8.024" timestamp="2026-05-22T09:30:26.695103+00:00" hostname="agent-env-45324d21-bfd7-4873-bc2e-67f77dfa379c"><testcase classname="backend.tests.test_iteration6_phase2" name="test_part1_plans_shape" time="0.199" /><testcase classname="backend.tests.test_iteration6_phase2" name="test_part2_admin_plan_nested_features" time="0.695" /><testcase classname="backend.tests.test_iteration6_phase2" name="test_part3_user_quota" time="0.831" /><testcase classname="backend.tests.test_iteration6_phase2" name="test_part4_register_assigns_free_plan" time="0.710" /><testcase classname="backend.tests.test_iteration6_phase2" name="test_part5_plans_selection_shape" time="0.107" /><testcase classname="backend.tests.test_iteration6_phase2" name="test_part6_dummy_checkout_flow" time="0.980" /><testcase classname="backend.tests.test_iteration6_phase2" name="test_part7_coupon_validate_and_apply" time="0.418"><failure message="Failed: BUG: Coupon type mismatch — admin coupons API only accepts PERCENTAGE/FIXED but billing._apply_coupon expects PERCENT. Returned discount.amount=0 (expected 40 for 20% off $199)">E   Failed: BUG: Coupon type mismatch — admin coupons API only accepts PERCENTAGE/FIXED but billing._apply_coupon expects PERCENT. Returned discount.amount=0 (expected 40 for 20% off $199)</failure></testcase><testcase classname="backend.tests.test_iteration6_phase2" name="test_part9_admin_subscription_change_triggers_articles" time="3.526" /><testcase classname="backend.tests.test_iteration6_phase2" name="test_regression_onboarding_and_activity" time="0.451" /></testsuite></testsuites>