<?xml version="1.0" encoding="utf-8"?><testsuites name="pytest tests"><testsuite name="pytest" errors="0" failures="0" skipped="0" tests="23" time="4.987" timestamp="2026-05-21T05:59:22.510854+00:00" hostname="agent-env-45324d21-bfd7-4873-bc2e-67f77dfa379c"><testcase classname="backend.tests.test_master_launch_e2e" name="test_01_register_creates_user_with_auto_site_and_trial" time="0.413" /><testcase classname="backend.tests.test_master_launch_e2e" name="test_02_me_returns_sites_with_apikey" time="0.115" /><testcase classname="backend.tests.test_master_launch_e2e" name="test_03_public_plans_have_both_connection_keys" time="0.106" /><testcase classname="backend.tests.test_master_launch_e2e" name="test_04_billing_plans_have_both_connection_keys" time="0.118" /><testcase classname="backend.tests.test_master_launch_e2e" name="test_05_admin_login" time="0.324" /><testcase classname="backend.tests.test_master_launch_e2e" name="test_06_admin_plans_have_both_connection_keys" time="0.098" /><testcase classname="backend.tests.test_master_launch_e2e" name="test_07_admin_create_plan_with_only_websiteConnections_syncs_both" time="0.196" /><testcase classname="backend.tests.test_master_launch_e2e" name="test_08_admin_delete_test_plan" time="0.104" /><testcase classname="backend.tests.test_master_launch_e2e" name="test_09_article_generate_and_no_placeholder_leakage" time="2.447" /><testcase classname="backend.tests.test_master_launch_e2e" name="test_10_plugin_verify_with_api_key" time="0.119" /><testcase classname="backend.tests.test_master_launch_e2e" name="test_11_dashboard_overview" time="0.134" /><testcase classname="backend.tests.test_master_launch_e2e" name="test_12_settings_public_has_trial_days" time="0.104" /><testcase classname="backend.tests.test_master_launch_e2e" name="test_13_admin_dashboard_stats" time="0.134" /><testcase classname="backend.tests.test_master_launch_e2e" name="test_14_admin_users" time="0.122" /><testcase classname="backend.tests.test_master_launch_e2e" name="test_15_admin_api_keys_14_services" time="0.101" /><testcase classname="backend.tests.test_master_launch" name="test_pick_category_exact_match" time="0.000" /><testcase classname="backend.tests.test_master_launch" name="test_pick_category_token_overlap" time="0.000" /><testcase classname="backend.tests.test_master_launch" name="test_pick_category_no_match" time="0.000" /><testcase classname="backend.tests.test_master_launch" name="test_pick_category_empty_mapping" time="0.000" /><testcase classname="backend.tests.test_master_launch" name="test_internal_link_resolves_to_existing_article" time="0.000" /><testcase classname="backend.tests.test_master_launch" name="test_internal_link_slug_fallback" time="0.000" /><testcase classname="backend.tests.test_master_launch" name="test_no_links_pass_through" time="0.000" /><testcase classname="backend.tests.test_master_launch" name="test_best_internal_match_picks_highest_overlap" time="0.000" /></testsuite></testsuites>