<?xml version="1.0" encoding="utf-8"?><testsuites name="pytest tests"><testsuite name="pytest" errors="0" failures="1" skipped="0" tests="15" time="4.731" timestamp="2026-05-21T05:58:06.515718+00:00" hostname="agent-env-45324d21-bfd7-4873-bc2e-67f77dfa379c"><testcase classname="backend.tests.test_master_launch_e2e" name="test_01_register_creates_user_with_auto_site_and_trial" time="0.426" /><testcase classname="backend.tests.test_master_launch_e2e" name="test_02_me_returns_sites_with_apikey" time="0.103" /><testcase classname="backend.tests.test_master_launch_e2e" name="test_03_public_plans_have_both_connection_keys" time="0.099" /><testcase classname="backend.tests.test_master_launch_e2e" name="test_04_billing_plans_have_both_connection_keys" time="0.110" /><testcase classname="backend.tests.test_master_launch_e2e" name="test_05_admin_login" time="0.324" /><testcase classname="backend.tests.test_master_launch_e2e" name="test_06_admin_plans_have_both_connection_keys" time="0.105" /><testcase classname="backend.tests.test_master_launch_e2e" name="test_07_admin_create_plan_with_only_websiteConnections_syncs_both" time="0.198" /><testcase classname="backend.tests.test_master_launch_e2e" name="test_08_admin_delete_test_plan" time="0.108" /><testcase classname="backend.tests.test_master_launch_e2e" name="test_09_article_generate_and_no_placeholder_leakage" time="2.443"><failure message="AssertionError: content too short&#10;assert (True and 0 &gt; 200)&#10; +  where True = isinstance('', str)&#10; +  and   0 = len('')">backend/tests/test_master_launch_e2e.py:213: in test_09_article_generate_and_no_placeholder_leakage
    assert isinstance(content, str) and len(content) &gt; 200, "content too short"
E   AssertionError: content too short
E   assert (True and 0 &gt; 200)
E    +  where True = isinstance('', str)
E    +  and   0 = len('')</failure></testcase><testcase classname="backend.tests.test_master_launch_e2e" name="test_10_plugin_verify_with_api_key" time="0.113" /><testcase classname="backend.tests.test_master_launch_e2e" name="test_11_dashboard_overview" time="0.147" /><testcase classname="backend.tests.test_master_launch_e2e" name="test_12_settings_public_has_trial_days" time="0.097" /><testcase classname="backend.tests.test_master_launch_e2e" name="test_13_admin_dashboard_stats" time="0.112" /><testcase classname="backend.tests.test_master_launch_e2e" name="test_14_admin_users" time="0.107" /><testcase classname="backend.tests.test_master_launch_e2e" name="test_15_admin_api_keys_14_services" time="0.127" /></testsuite></testsuites>