<?xml version="1.0" encoding="utf-8"?><testsuites name="pytest tests"><testsuite name="pytest" errors="0" failures="0" skipped="0" tests="22" time="38.193" timestamp="2026-05-19T07:48:25.363638+00:00" hostname="agent-env-45324d21-bfd7-4873-bc2e-67f77dfa379c"><testcase classname="backend.tests.test_phase1" name="test_register_succeeds_without_sendgrid_key" time="0.479" /><testcase classname="backend.tests.test_phase1" name="test_forgot_password_succeeds_without_sendgrid" time="0.103" /><testcase classname="backend.tests.test_phase1" name="test_team_invite_succeeds_without_sendgrid" time="0.433" /><testcase classname="backend.tests.test_phase1" name="test_admin_announcement_succeeds_without_sendgrid" time="0.371" /><testcase classname="backend.tests.test_phase1" name="test_article_generate_additive_fields" time="1.728" /><testcase classname="backend.tests.test_phase1" name="test_gsc_connect_get_returns_standard_error" time="0.043" /><testcase classname="backend.tests.test_phase1" name="test_gsc_callback_returns_standard_error" time="0.098" /><testcase classname="backend.tests.test_phase1" name="test_api_key_test_returns_latency_ms[openai]" time="0.209" /><testcase classname="backend.tests.test_phase1" name="test_api_key_test_returns_latency_ms[sendgrid]" time="0.094" /><testcase classname="backend.tests.test_phase1" name="test_api_key_test_returns_latency_ms[r2_account_id]" time="0.096" /><testcase classname="backend.tests.test_phase1" name="test_api_key_test_returns_latency_ms[perplexity]" time="0.106" /><testcase classname="backend.tests.test_phase1" name="test_api_key_test_returns_latency_ms[anthropic]" time="0.091" /><testcase classname="backend.tests.test_phase1" name="test_api_key_test_returns_latency_ms[gemini]" time="0.100" /><testcase classname="backend.tests.test_phase1" name="test_api_key_test_returns_latency_ms[google_client_id]" time="0.093" /><testcase classname="backend.tests.test_phase1" name="test_api_key_test_returns_latency_ms[dataforseo]" time="0.096" /><testcase classname="backend.tests.test_phase1" name="test_api_key_test_returns_latency_ms[lemonsqueezy_api_key]" time="0.094" /><testcase classname="backend.tests.test_phase1" name="test_supported_keys_includes_sendgrid" time="0.058" /><testcase classname="backend.tests.test_phase1" name="test_brand_voice_train_with_url" time="31.797" /><testcase classname="backend.tests.test_phase1" name="test_ai_visibility_scan_completes" time="1.631" /><testcase classname="backend.tests.test_phase1" name="test_voice_score_envelope" time="0.171" /><testcase classname="backend.tests.test_phase1" name="test_growth_score_envelope" time="0.049" /><testcase classname="backend.tests.test_phase1" name="test_standard_error_envelope_unchanged" time="0.158" /></testsuite></testsuites>