<?xml version="1.0" encoding="utf-8"?><testsuites name="pytest tests"><testsuite name="pytest" errors="0" failures="2" skipped="0" tests="57" time="10.139" timestamp="2026-05-19T07:43:32.584048+00:00" hostname="agent-env-45324d21-bfd7-4873-bc2e-67f77dfa379c"><testcase classname="backend.tests.backend_test" name="test_health" time="0.127" /><testcase classname="backend.tests.backend_test" name="test_docs" time="0.046" /><testcase classname="backend.tests.backend_test" name="test_public_plans" time="0.047" /><testcase classname="backend.tests.backend_test" name="test_blog_paginated" time="0.049" /><testcase classname="backend.tests.backend_test" name="test_contact" time="0.057" /><testcase classname="backend.tests.backend_test" name="test_register_duplicate" time="0.327" /><testcase classname="backend.tests.backend_test" name="test_login_wrong" time="0.268" /><testcase classname="backend.tests.backend_test" name="test_login_ok" time="0.268" /><testcase classname="backend.tests.backend_test" name="test_refresh" time="0.043" /><testcase classname="backend.tests.backend_test" name="test_google_mock" time="0.053" /><testcase classname="backend.tests.backend_test" name="test_forgot_reset" time="0.047" /><testcase classname="backend.tests.backend_test" name="test_me" time="0.048" /><testcase classname="backend.tests.backend_test" name="test_protected_no_token" time="0.044" /><testcase classname="backend.tests.backend_test" name="test_site_get" time="0.094" /><testcase classname="backend.tests.backend_test" name="test_site_update" time="0.046" /><testcase classname="backend.tests.backend_test" name="test_site_verify_connection" time="0.047" /><testcase classname="backend.tests.backend_test" name="test_site_connect_cms" time="0.269" /><testcase classname="backend.tests.backend_test" name="test_search_terms_crud" time="0.143" /><testcase classname="backend.tests.backend_test" name="test_search_terms_ai_suggest" time="0.193" /><testcase classname="backend.tests.backend_test" name="test_article_settings" time="0.100" /><testcase classname="backend.tests.backend_test" name="test_articles_list" time="0.047" /><testcase classname="backend.tests.backend_test" name="test_article_generate_and_poll" time="2.098" /><testcase classname="backend.tests.backend_test" name="test_articles_calendar" time="0.047" /><testcase classname="backend.tests.backend_test" name="test_social_accounts" time="0.053" /><testcase classname="backend.tests.backend_test" name="test_social_auth_url" time="0.051" /><testcase classname="backend.tests.backend_test" name="test_social_posts_list" time="0.045" /><testcase classname="backend.tests.backend_test" name="test_social_post_generate" time="0.046" /><testcase classname="backend.tests.backend_test" name="test_ai_visibility_scans" time="0.051" /><testcase classname="backend.tests.backend_test" name="test_ai_visibility_scan_enqueue" time="0.047" /><testcase classname="backend.tests.backend_test" name="test_ai_visibility_simulate" time="0.044" /><testcase classname="backend.tests.backend_test" name="test_brand_voice_get" time="0.047" /><testcase classname="backend.tests.backend_test" name="test_brand_voice_train" time="0.068" /><testcase classname="backend.tests.backend_test" name="test_content_library" time="0.052" /><testcase classname="backend.tests.backend_test" name="test_content_generate_real_llm" time="0.303" /><testcase classname="backend.tests.backend_test" name="test_voice_score" time="0.181" /><testcase classname="backend.tests.backend_test" name="test_analytics_endpoints" time="0.188" /><testcase classname="backend.tests.backend_test" name="test_growth_score" time="0.096" /><testcase classname="backend.tests.backend_test" name="test_team" time="0.047" /><testcase classname="backend.tests.backend_test" name="test_user_profile_update" time="0.048" /><testcase classname="backend.tests.backend_test" name="test_billing_plans" time="0.047" /><testcase classname="backend.tests.backend_test" name="test_billing_subscription" time="0.060" /><testcase classname="backend.tests.backend_test" name="test_billing_webhook" time="0.047" /><testcase classname="backend.tests.backend_test" name="test_auto_publish_connections" time="0.050" /><testcase classname="backend.tests.backend_test" name="test_plugin_verify" time="0.182" /><testcase classname="backend.tests.backend_test" name="test_admin_login_wrong" time="0.396" /><testcase classname="backend.tests.backend_test" name="test_admin_verify" time="0.370" /><testcase classname="backend.tests.backend_test" name="test_admin_no_session" time="0.045" /><testcase classname="backend.tests.backend_test" name="test_admin_dashboard" time="0.091" /><testcase classname="backend.tests.backend_test" name="test_admin_users" time="0.051" /><testcase classname="backend.tests.backend_test" name="test_admin_plans_crud" time="0.190" /><testcase classname="backend.tests.backend_test" name="test_admin_coupons_crud" time="0.096" /><testcase classname="backend.tests.backend_test" name="test_admin_blog_crud" time="0.096" /><testcase classname="backend.tests.backend_test" name="test_admin_api_keys" time="0.047" /><testcase classname="backend.tests.backend_test" name="test_admin_analytics" time="0.197" /><testcase classname="backend.tests.backend_test" name="test_admin_settings" time="0.047" /><testcase classname="backend.tests.backend_test" name="test_zz_ai_visibility_demo_rate_limit" time="0.348"><failure message="AssertionError: {&quot;success&quot;:false,&quot;error&quot;:&quot;Validation failed&quot;,&quot;code&quot;:&quot;VALIDATION_ERROR&quot;,&quot;statusCode&quot;:422,&quot;details&quot;:[{&quot;type&quot;:&quot;missing&quot;,&quot;loc&quot;:[&quot;body&quot;,&quot;url&quot;],&quot;msg&quot;:&quot;Field required&quot;,&quot;input&quot;:{&quot;brand&quot;:&quot;X&quot;,&quot;query&quot;:&quot;best&quot;},&quot;url&quot;:&quot;https://errors.pydantic.dev/2.13/v/missing&quot;}]}&#10;assert 422 == 429&#10; +  where 422 = &lt;Response [422]&gt;.status_code">backend/tests/backend_test.py:527: in test_zz_ai_visibility_demo_rate_limit
    assert last.status_code == 429, last.text
E   AssertionError: {"success":false,"error":"Validation failed","code":"VALIDATION_ERROR","statusCode":422,"details":[{"type":"missing","loc":["body","url"],"msg":"Field required","input":{"brand":"X","query":"best"},"url":"https://errors.pydantic.dev/2.13/v/missing"}]}
E   assert 422 == 429
E    +  where 422 = &lt;Response [422]&gt;.status_code</failure></testcase><testcase classname="backend.tests.backend_test" name="test_zz_admin_lockout" time="1.683"><failure message="AssertionError: {&quot;success&quot;:false,&quot;error&quot;:&quot;Invalid admin credentials&quot;,&quot;code&quot;:&quot;INVALID_CREDENTIALS&quot;,&quot;statusCode&quot;:401}&#10;assert 401 == 429&#10; +  where 401 = &lt;Response [401]&gt;.status_code">backend/tests/backend_test.py:539: in test_zz_admin_lockout
    assert last.status_code == 429, last.text
E   AssertionError: {"success":false,"error":"Invalid admin credentials","code":"INVALID_CREDENTIALS","statusCode":401}
E   assert 401 == 429
E    +  where 401 = &lt;Response [401]&gt;.status_code</failure></testcase></testsuite></testsuites>