<?xml version="1.0" encoding="utf-8"?><testsuites name="pytest tests"><testsuite name="pytest" errors="0" failures="0" skipped="0" tests="57" time="48.459" timestamp="2026-05-18T12:24:34.616554+00:00" hostname="agent-env-45324d21-bfd7-4873-bc2e-67f77dfa379c"><testcase classname="backend.tests.backend_test" name="test_health" time="0.214" /><testcase classname="backend.tests.backend_test" name="test_docs" time="0.045" /><testcase classname="backend.tests.backend_test" name="test_public_plans" time="0.051" /><testcase classname="backend.tests.backend_test" name="test_blog_paginated" time="0.047" /><testcase classname="backend.tests.backend_test" name="test_contact" time="0.051" /><testcase classname="backend.tests.backend_test" name="test_register_duplicate" time="0.322" /><testcase classname="backend.tests.backend_test" name="test_login_wrong" time="0.273" /><testcase classname="backend.tests.backend_test" name="test_login_ok" time="0.271" /><testcase classname="backend.tests.backend_test" name="test_refresh" time="0.050" /><testcase classname="backend.tests.backend_test" name="test_google_mock" time="0.047" /><testcase classname="backend.tests.backend_test" name="test_forgot_reset" time="0.046" /><testcase classname="backend.tests.backend_test" name="test_me" time="0.056" /><testcase classname="backend.tests.backend_test" name="test_protected_no_token" time="0.047" /><testcase classname="backend.tests.backend_test" name="test_site_get" time="0.094" /><testcase classname="backend.tests.backend_test" name="test_site_update" time="0.049" /><testcase classname="backend.tests.backend_test" name="test_site_verify_connection" time="0.048" /><testcase classname="backend.tests.backend_test" name="test_site_connect_cms" time="0.263" /><testcase classname="backend.tests.backend_test" name="test_search_terms_crud" time="0.143" /><testcase classname="backend.tests.backend_test" name="test_search_terms_ai_suggest" time="3.680" /><testcase classname="backend.tests.backend_test" name="test_article_settings" time="0.094" /><testcase classname="backend.tests.backend_test" name="test_articles_list" time="0.051" /><testcase classname="backend.tests.backend_test" name="test_article_generate_and_poll" time="21.068" /><testcase classname="backend.tests.backend_test" name="test_articles_calendar" time="0.046" /><testcase classname="backend.tests.backend_test" name="test_social_accounts" time="0.048" /><testcase classname="backend.tests.backend_test" name="test_social_auth_url" time="0.047" /><testcase classname="backend.tests.backend_test" name="test_social_posts_list" time="0.044" /><testcase classname="backend.tests.backend_test" name="test_social_post_generate" time="0.052" /><testcase classname="backend.tests.backend_test" name="test_ai_visibility_scans" time="0.050" /><testcase classname="backend.tests.backend_test" name="test_ai_visibility_scan_enqueue" time="0.047" /><testcase classname="backend.tests.backend_test" name="test_ai_visibility_simulate" time="0.055" /><testcase classname="backend.tests.backend_test" name="test_brand_voice_get" time="0.049" /><testcase classname="backend.tests.backend_test" name="test_brand_voice_train" time="0.045" /><testcase classname="backend.tests.backend_test" name="test_content_library" time="1.033" /><testcase classname="backend.tests.backend_test" name="test_content_generate_real_llm" time="12.947" /><testcase classname="backend.tests.backend_test" name="test_voice_score" time="2.344" /><testcase classname="backend.tests.backend_test" name="test_analytics_endpoints" time="0.195" /><testcase classname="backend.tests.backend_test" name="test_growth_score" time="0.095" /><testcase classname="backend.tests.backend_test" name="test_team" time="0.054" /><testcase classname="backend.tests.backend_test" name="test_user_profile_update" time="0.047" /><testcase classname="backend.tests.backend_test" name="test_billing_plans" time="0.046" /><testcase classname="backend.tests.backend_test" name="test_billing_subscription" time="0.046" /><testcase classname="backend.tests.backend_test" name="test_billing_webhook" time="0.046" /><testcase classname="backend.tests.backend_test" name="test_auto_publish_connections" time="0.047" /><testcase classname="backend.tests.backend_test" name="test_plugin_verify" time="0.183" /><testcase classname="backend.tests.backend_test" name="test_admin_login_wrong" time="0.437" /><testcase classname="backend.tests.backend_test" name="test_admin_verify" time="0.389" /><testcase classname="backend.tests.backend_test" name="test_admin_no_session" time="0.045" /><testcase classname="backend.tests.backend_test" name="test_admin_dashboard" time="0.099" /><testcase classname="backend.tests.backend_test" name="test_admin_users" time="0.048" /><testcase classname="backend.tests.backend_test" name="test_admin_plans_crud" time="0.215" /><testcase classname="backend.tests.backend_test" name="test_admin_coupons_crud" time="0.105" /><testcase classname="backend.tests.backend_test" name="test_admin_blog_crud" time="0.240" /><testcase classname="backend.tests.backend_test" name="test_admin_api_keys" time="0.047" /><testcase classname="backend.tests.backend_test" name="test_admin_analytics" time="0.190" /><testcase classname="backend.tests.backend_test" name="test_admin_settings" time="0.045" /><testcase classname="backend.tests.backend_test" name="test_zz_ai_visibility_demo_rate_limit" time="0.373" /><testcase classname="backend.tests.backend_test" name="test_zz_admin_lockout" time="1.507" /></testsuite></testsuites>