<?xml version="1.0" encoding="utf-8"?><testsuites name="pytest tests"><testsuite name="pytest" errors="0" failures="13" skipped="0" tests="77" time="49.187" timestamp="2026-05-21T05:59:52.240751+00:00" hostname="agent-env-45324d21-bfd7-4873-bc2e-67f77dfa379c"><testcase classname="backend.tests.backend_test" name="test_health" time="0.123" /><testcase classname="backend.tests.backend_test" name="test_docs" time="0.052" /><testcase classname="backend.tests.backend_test" name="test_public_plans" time="0.052" /><testcase classname="backend.tests.backend_test" name="test_blog_paginated" time="0.050" /><testcase classname="backend.tests.backend_test" name="test_contact" time="0.052" /><testcase classname="backend.tests.backend_test" name="test_register_duplicate" time="0.331" /><testcase classname="backend.tests.backend_test" name="test_login_wrong" time="0.276" /><testcase classname="backend.tests.backend_test" name="test_login_ok" time="0.277" /><testcase classname="backend.tests.backend_test" name="test_refresh" time="0.053" /><testcase classname="backend.tests.backend_test" name="test_google_mock" time="0.047"><failure message="AssertionError: {&quot;detail&quot;:&quot;Method Not Allowed&quot;}&#10;assert 405 == 200&#10; +  where 405 = &lt;Response [405]&gt;.status_code">E   AssertionError: {"detail":"Method Not Allowed"}
    assert 405 == 200
     +  where 405 = &lt;Response [405]&gt;.status_code</failure></testcase><testcase classname="backend.tests.backend_test" name="test_forgot_reset" time="0.049" /><testcase classname="backend.tests.backend_test" name="test_me" time="0.048" /><testcase classname="backend.tests.backend_test" name="test_protected_no_token" time="0.049" /><testcase classname="backend.tests.backend_test" name="test_site_get" time="0.101" /><testcase classname="backend.tests.backend_test" name="test_site_update" time="0.049" /><testcase classname="backend.tests.backend_test" name="test_site_verify_connection" time="0.118" /><testcase classname="backend.tests.backend_test" name="test_site_connect_cms" time="0.242" /><testcase classname="backend.tests.backend_test" name="test_search_terms_crud" time="0.152" /><testcase classname="backend.tests.backend_test" name="test_search_terms_ai_suggest" time="0.202" /><testcase classname="backend.tests.backend_test" name="test_article_settings" time="0.097" /><testcase classname="backend.tests.backend_test" name="test_articles_list" time="0.048" /><testcase classname="backend.tests.backend_test" name="test_article_generate_and_poll" time="2.101" /><testcase classname="backend.tests.backend_test" name="test_articles_calendar" time="0.048" /><testcase classname="backend.tests.backend_test" name="test_social_accounts" time="0.047" /><testcase classname="backend.tests.backend_test" name="test_social_auth_url" time="0.048" /><testcase classname="backend.tests.backend_test" name="test_social_posts_list" time="0.047" /><testcase classname="backend.tests.backend_test" name="test_social_post_generate" time="0.050" /><testcase classname="backend.tests.backend_test" name="test_ai_visibility_scans" time="0.050" /><testcase classname="backend.tests.backend_test" name="test_ai_visibility_scan_enqueue" time="0.050" /><testcase classname="backend.tests.backend_test" name="test_ai_visibility_simulate" time="0.049" /><testcase classname="backend.tests.backend_test" name="test_brand_voice_get" time="0.051" /><testcase classname="backend.tests.backend_test" name="test_brand_voice_train" time="0.051" /><testcase classname="backend.tests.backend_test" name="test_content_library" time="0.056" /><testcase classname="backend.tests.backend_test" name="test_content_generate_real_llm" time="0.304" /><testcase classname="backend.tests.backend_test" name="test_voice_score" time="0.170" /><testcase classname="backend.tests.backend_test" name="test_analytics_endpoints" time="0.204" /><testcase classname="backend.tests.backend_test" name="test_growth_score" time="0.144" /><testcase classname="backend.tests.backend_test" name="test_team" time="0.057" /><testcase classname="backend.tests.backend_test" name="test_user_profile_update" time="0.056" /><testcase classname="backend.tests.backend_test" name="test_billing_plans" time="0.056" /><testcase classname="backend.tests.backend_test" name="test_billing_subscription" time="0.048" /><testcase classname="backend.tests.backend_test" name="test_billing_webhook" time="0.056" /><testcase classname="backend.tests.backend_test" name="test_auto_publish_connections" time="0.050" /><testcase classname="backend.tests.backend_test" name="test_plugin_verify" time="0.263" /><testcase classname="backend.tests.backend_test" name="test_admin_login_wrong" time="0.368" /><testcase classname="backend.tests.backend_test" name="test_admin_verify" time="0.404" /><testcase classname="backend.tests.backend_test" name="test_admin_no_session" time="0.048" /><testcase classname="backend.tests.backend_test" name="test_admin_dashboard" time="0.112" /><testcase classname="backend.tests.backend_test" name="test_admin_users" time="0.058" /><testcase classname="backend.tests.backend_test" name="test_admin_plans_crud" time="0.233" /><testcase classname="backend.tests.backend_test" name="test_admin_coupons_crud" time="0.112" /><testcase classname="backend.tests.backend_test" name="test_admin_blog_crud" time="0.112" /><testcase classname="backend.tests.backend_test" name="test_admin_api_keys" time="0.052" /><testcase classname="backend.tests.backend_test" name="test_admin_analytics" time="0.200" /><testcase classname="backend.tests.backend_test" name="test_admin_settings" time="0.052" /><testcase classname="backend.tests.test_phase1" name="test_register_succeeds_without_sendgrid_key" time="0.355" /><testcase classname="backend.tests.test_phase1" name="test_forgot_password_succeeds_without_sendgrid" time="0.097" /><testcase classname="backend.tests.test_phase1" name="test_team_invite_succeeds_without_sendgrid" time="0.430" /><testcase classname="backend.tests.test_phase1" name="test_admin_announcement_succeeds_without_sendgrid" time="0.385" /><testcase classname="backend.tests.test_phase1" name="test_article_generate_additive_fields" time="1.747" /><testcase classname="backend.tests.test_phase1" name="test_gsc_connect_get_returns_standard_error" time="0.057"><failure message="AssertionError: {&quot;success&quot;:false,&quot;error&quot;:&quot;object NoneType can't be used in 'await' expression&quot;,&quot;code&quot;:&quot;INTERNAL_ERROR&quot;,&quot;statusCode&quot;:500}&#10;assert 500 == 400&#10; +  where 500 = &lt;Response [500]&gt;.status_code">E   AssertionError: {"success":false,"error":"object NoneType can't be used in 'await' expression","code":"INTERNAL_ERROR","statusCode":500}
    assert 500 == 400
     +  where 500 = &lt;Response [500]&gt;.status_code</failure></testcase><testcase classname="backend.tests.test_phase1" name="test_gsc_callback_returns_standard_error" time="0.106"><failure message="AssertionError: {&quot;success&quot;:false,&quot;error&quot;:&quot;object NoneType can't be used in 'await' expression&quot;,&quot;code&quot;:&quot;INTERNAL_ERROR&quot;,&quot;statusCode&quot;:500}&#10;assert 500 == 400&#10; +  where 500 = &lt;Response [500]&gt;.status_code">E   AssertionError: {"success":false,"error":"object NoneType can't be used in 'await' expression","code":"INTERNAL_ERROR","statusCode":500}
    assert 500 == 400
     +  where 500 = &lt;Response [500]&gt;.status_code</failure></testcase><testcase classname="backend.tests.test_phase1" name="test_api_key_test_returns_latency_ms[openai]" time="0.050"><failure message="AssertionError: {&quot;detail&quot;:&quot;Method Not Allowed&quot;}&#10;assert 405 in (200, 201)&#10; +  where 405 = &lt;Response [405]&gt;.status_code">E   AssertionError: {"detail":"Method Not Allowed"}
    assert 405 in (200, 201)
     +  where 405 = &lt;Response [405]&gt;.status_code</failure></testcase><testcase classname="backend.tests.test_phase1" name="test_api_key_test_returns_latency_ms[sendgrid]" time="0.048"><failure message="AssertionError: {&quot;detail&quot;:&quot;Method Not Allowed&quot;}&#10;assert 405 in (200, 201)&#10; +  where 405 = &lt;Response [405]&gt;.status_code">E   AssertionError: {"detail":"Method Not Allowed"}
    assert 405 in (200, 201)
     +  where 405 = &lt;Response [405]&gt;.status_code</failure></testcase><testcase classname="backend.tests.test_phase1" name="test_api_key_test_returns_latency_ms[r2_account_id]" time="0.049"><failure message="AssertionError: {&quot;detail&quot;:&quot;Method Not Allowed&quot;}&#10;assert 405 in (200, 201)&#10; +  where 405 = &lt;Response [405]&gt;.status_code">E   AssertionError: {"detail":"Method Not Allowed"}
    assert 405 in (200, 201)
     +  where 405 = &lt;Response [405]&gt;.status_code</failure></testcase><testcase classname="backend.tests.test_phase1" name="test_api_key_test_returns_latency_ms[perplexity]" time="0.051"><failure message="AssertionError: {&quot;detail&quot;:&quot;Method Not Allowed&quot;}&#10;assert 405 in (200, 201)&#10; +  where 405 = &lt;Response [405]&gt;.status_code">E   AssertionError: {"detail":"Method Not Allowed"}
    assert 405 in (200, 201)
     +  where 405 = &lt;Response [405]&gt;.status_code</failure></testcase><testcase classname="backend.tests.test_phase1" name="test_api_key_test_returns_latency_ms[anthropic]" time="0.047"><failure message="AssertionError: {&quot;detail&quot;:&quot;Method Not Allowed&quot;}&#10;assert 405 in (200, 201)&#10; +  where 405 = &lt;Response [405]&gt;.status_code">E   AssertionError: {"detail":"Method Not Allowed"}
    assert 405 in (200, 201)
     +  where 405 = &lt;Response [405]&gt;.status_code</failure></testcase><testcase classname="backend.tests.test_phase1" name="test_api_key_test_returns_latency_ms[gemini]" time="0.046"><failure message="AssertionError: {&quot;detail&quot;:&quot;Method Not Allowed&quot;}&#10;assert 405 in (200, 201)&#10; +  where 405 = &lt;Response [405]&gt;.status_code">E   AssertionError: {"detail":"Method Not Allowed"}
    assert 405 in (200, 201)
     +  where 405 = &lt;Response [405]&gt;.status_code</failure></testcase><testcase classname="backend.tests.test_phase1" name="test_api_key_test_returns_latency_ms[google_client_id]" time="0.048"><failure message="AssertionError: {&quot;detail&quot;:&quot;Method Not Allowed&quot;}&#10;assert 405 in (200, 201)&#10; +  where 405 = &lt;Response [405]&gt;.status_code">E   AssertionError: {"detail":"Method Not Allowed"}
    assert 405 in (200, 201)
     +  where 405 = &lt;Response [405]&gt;.status_code</failure></testcase><testcase classname="backend.tests.test_phase1" name="test_api_key_test_returns_latency_ms[dataforseo]" time="0.051"><failure message="AssertionError: {&quot;detail&quot;:&quot;Method Not Allowed&quot;}&#10;assert 405 in (200, 201)&#10; +  where 405 = &lt;Response [405]&gt;.status_code">E   AssertionError: {"detail":"Method Not Allowed"}
    assert 405 in (200, 201)
     +  where 405 = &lt;Response [405]&gt;.status_code</failure></testcase><testcase classname="backend.tests.test_phase1" name="test_api_key_test_returns_latency_ms[lemonsqueezy_api_key]" time="0.047"><failure message="AssertionError: {&quot;detail&quot;:&quot;Method Not Allowed&quot;}&#10;assert 405 in (200, 201)&#10; +  where 405 = &lt;Response [405]&gt;.status_code">E   AssertionError: {"detail":"Method Not Allowed"}
    assert 405 in (200, 201)
     +  where 405 = &lt;Response [405]&gt;.status_code</failure></testcase><testcase classname="backend.tests.test_phase1" name="test_supported_keys_includes_sendgrid" time="0.050"><failure message="AssertionError: Resend should be removed&#10;assert 'resend' not in ['openai', 'anthropic', 'gemini', 'perplexity', 'sendgrid', 'resend', ...]">E   AssertionError: Resend should be removed
    assert 'resend' not in ['openai', 'anthropic', 'gemini', 'perplexity', 'sendgrid', 'resend', ...]</failure></testcase><testcase classname="backend.tests.test_phase1" name="test_brand_voice_train_with_url" time="31.890" /><testcase classname="backend.tests.test_phase1" name="test_ai_visibility_scan_completes" time="4.848" /><testcase classname="backend.tests.test_phase1" name="test_voice_score_envelope" time="0.166" /><testcase classname="backend.tests.test_phase1" name="test_growth_score_envelope" time="0.052" /><testcase classname="backend.tests.test_phase1" name="test_standard_error_envelope_unchanged" time="0.181" /></testsuite></testsuites>