<?xml version="1.0" encoding="utf-8"?><testsuites name="pytest tests"><testsuite name="pytest" errors="0" failures="0" skipped="0" tests="55" time="7.890" timestamp="2026-05-19T07:49:10.915237+00:00" hostname="agent-env-45324d21-bfd7-4873-bc2e-67f77dfa379c"><testcase classname="backend.tests.backend_test" name="test_health" time="0.128" /><testcase classname="backend.tests.backend_test" name="test_docs" time="0.047" /><testcase classname="backend.tests.backend_test" name="test_public_plans" time="0.047" /><testcase classname="backend.tests.backend_test" name="test_blog_paginated" time="0.047" /><testcase classname="backend.tests.backend_test" name="test_contact" time="0.045" /><testcase classname="backend.tests.backend_test" name="test_register_duplicate" time="0.315" /><testcase classname="backend.tests.backend_test" name="test_login_wrong" time="0.274" /><testcase classname="backend.tests.backend_test" name="test_login_ok" time="0.269" /><testcase classname="backend.tests.backend_test" name="test_refresh" time="0.049" /><testcase classname="backend.tests.backend_test" name="test_google_mock" time="0.045" /><testcase classname="backend.tests.backend_test" name="test_forgot_reset" time="0.048" /><testcase classname="backend.tests.backend_test" name="test_me" time="0.046" /><testcase classname="backend.tests.backend_test" name="test_protected_no_token" time="0.046" /><testcase classname="backend.tests.backend_test" name="test_site_get" time="0.094" /><testcase classname="backend.tests.backend_test" name="test_site_update" time="0.048" /><testcase classname="backend.tests.backend_test" name="test_site_verify_connection" time="0.045" /><testcase classname="backend.tests.backend_test" name="test_site_connect_cms" time="0.238" /><testcase classname="backend.tests.backend_test" name="test_search_terms_crud" time="0.144" /><testcase classname="backend.tests.backend_test" name="test_search_terms_ai_suggest" time="0.178" /><testcase classname="backend.tests.backend_test" name="test_article_settings" time="0.097" /><testcase classname="backend.tests.backend_test" name="test_articles_list" time="0.047" /><testcase classname="backend.tests.backend_test" name="test_article_generate_and_poll" time="2.098" /><testcase classname="backend.tests.backend_test" name="test_articles_calendar" time="0.045" /><testcase classname="backend.tests.backend_test" name="test_social_accounts" time="0.050" /><testcase classname="backend.tests.backend_test" name="test_social_auth_url" time="0.047" /><testcase classname="backend.tests.backend_test" name="test_social_posts_list" time="0.048" /><testcase classname="backend.tests.backend_test" name="test_social_post_generate" time="0.046" /><testcase classname="backend.tests.backend_test" name="test_ai_visibility_scans" time="0.046" /><testcase classname="backend.tests.backend_test" name="test_ai_visibility_scan_enqueue" time="0.048" /><testcase classname="backend.tests.backend_test" name="test_ai_visibility_simulate" time="0.046" /><testcase classname="backend.tests.backend_test" name="test_brand_voice_get" time="0.049" /><testcase classname="backend.tests.backend_test" name="test_brand_voice_train" time="0.058" /><testcase classname="backend.tests.backend_test" name="test_content_library" time="0.051" /><testcase classname="backend.tests.backend_test" name="test_content_generate_real_llm" time="0.322" /><testcase classname="backend.tests.backend_test" name="test_voice_score" time="0.165" /><testcase classname="backend.tests.backend_test" name="test_analytics_endpoints" time="0.210" /><testcase classname="backend.tests.backend_test" name="test_growth_score" time="0.099" /><testcase classname="backend.tests.backend_test" name="test_team" time="0.045" /><testcase classname="backend.tests.backend_test" name="test_user_profile_update" time="0.051" /><testcase classname="backend.tests.backend_test" name="test_billing_plans" time="0.047" /><testcase classname="backend.tests.backend_test" name="test_billing_subscription" time="0.050" /><testcase classname="backend.tests.backend_test" name="test_billing_webhook" time="0.045" /><testcase classname="backend.tests.backend_test" name="test_auto_publish_connections" time="0.047" /><testcase classname="backend.tests.backend_test" name="test_plugin_verify" time="0.184" /><testcase classname="backend.tests.backend_test" name="test_admin_login_wrong" time="0.355" /><testcase classname="backend.tests.backend_test" name="test_admin_verify" time="0.387" /><testcase classname="backend.tests.backend_test" name="test_admin_no_session" time="0.048" /><testcase classname="backend.tests.backend_test" name="test_admin_dashboard" time="0.095" /><testcase classname="backend.tests.backend_test" name="test_admin_users" time="0.053" /><testcase classname="backend.tests.backend_test" name="test_admin_plans_crud" time="0.187" /><testcase classname="backend.tests.backend_test" name="test_admin_coupons_crud" time="0.099" /><testcase classname="backend.tests.backend_test" name="test_admin_blog_crud" time="0.093" /><testcase classname="backend.tests.backend_test" name="test_admin_api_keys" time="0.047" /><testcase classname="backend.tests.backend_test" name="test_admin_analytics" time="0.195" /><testcase classname="backend.tests.backend_test" name="test_admin_settings" time="0.047" /></testsuite></testsuites>